\BOOKMARK [1][-]{section*.1}{\376\377\000A\000b\000k\000\374\000r\000z\000u\000n\000g\000s\000v\000e\000r\000z\000e\000i\000c\000h\000n\000i\000s}{}% 1
\BOOKMARK [1][-]{table.1}{\376\377\000S\000y\000m\000b\000o\000l\000v\000e\000r\000z\000e\000i\000c\000h\000n\000i\000s}{}% 2
\BOOKMARK [1][-]{table.2}{\376\377\000A\000b\000b\000i\000l\000d\000u\000n\000g\000s\000v\000e\000r\000z\000e\000i\000c\000h\000n\000i\000s}{}% 3
\BOOKMARK [1][-]{section*.4}{\376\377\000T\000a\000b\000e\000l\000l\000e\000n\000v\000e\000r\000z\000e\000i\000c\000h\000n\000i\000s}{}% 4
\BOOKMARK [1][-]{section.1}{\376\377\000E\000i\000n\000l\000e\000i\000t\000u\000n\000g}{}% 5
\BOOKMARK [2][-]{subsection.1.1}{\376\377\000M\000o\000t\000i\000v\000a\000t\000i\000o\000n}{section.1}% 6
\BOOKMARK [2][-]{subsection.1.2}{\376\377\000Z\000i\000e\000l\000s\000e\000t\000z\000u\000n\000g}{section.1}% 7
\BOOKMARK [2][-]{subsection.1.3}{\376\377\000M\000e\000t\000h\000o\000d\000i\000k}{section.1}% 8
\BOOKMARK [2][-]{subsection.1.4}{\376\377\000G\000l\000i\000e\000d\000e\000r\000u\000n\000g\000\040\000d\000e\000r\000\040\000A\000r\000b\000e\000i\000t}{section.1}% 9
\BOOKMARK [1][-]{section.2}{\376\377\000A\000g\000i\000l\000e\000\040\000U\000n\000t\000e\000r\000n\000e\000h\000m\000e\000n\000s\000f\000\374\000h\000r\000u\000n\000g}{}% 10
\BOOKMARK [2][-]{subsection.2.1}{\376\377\000W\000a\000r\000u\000m\000\040\000a\000g\000i\000l}{section.2}% 11
\BOOKMARK [2][-]{subsection.2.2}{\376\377\000A\000g\000i\000l\000e\000s\000\040\000P\000o\000r\000t\000f\000o\000l\000i\000o\000m\000a\000n\000a\000g\000e\000m\000e\000n\000t}{section.2}% 12
\BOOKMARK [2][-]{subsection.2.3}{\376\377\000A\000g\000i\000l\000e\000\040\000U\000n\000t\000e\000r\000n\000e\000h\000m\000e\000n\000s\000s\000t\000r\000u\000k\000t\000u\000r\000i\000e\000r\000u\000n\000g}{section.2}% 13
\BOOKMARK [2][-]{subsection.2.4}{\376\377\000A\000g\000i\000l\000e\000\040\000P\000r\000o\000j\000e\000k\000t\000s\000t\000r\000u\000k\000t\000u\000r}{section.2}% 14
\BOOKMARK [2][-]{subsection.2.5}{\376\377\000B\000e\000i\000s\000p\000i\000e\000l\000\040\000F\000l\000i\000g\000h\000t\000-\000L\000e\000v\000e\000l}{section.2}% 15
\BOOKMARK [1][-]{section.3}{\376\377\000A\000n\000a\000l\000y\000s\000e}{}% 16
\BOOKMARK [2][-]{subsection.3.1}{\376\377\000R\000e\000p\000o\000r\000t\000i\000n\000g\000\040\000i\000n\000\040\000a\000g\000i\000l\000e\000n\000\040\000U\000n\000t\000e\000r\000n\000e\000h\000m\000e\000n}{section.3}% 17
\BOOKMARK [2][-]{subsection.3.2}{\376\377\000q\000u\000a\000l\000i\000t\000a\000t\000i\000v\000e\000s\000\040\000v\000s\000.\000\040\000q\000u\000a\000n\000t\000i\000t\000a\000t\000i\000v\000e\000s\000\040\000R\000e\000p\000o\000r\000t\000i\000n\000g}{section.3}% 18
\BOOKMARK [2][-]{subsection.3.3}{\376\377\000a\000u\000t\000o\000m\000a\000t\000i\000s\000c\000h\000e\000s\000\040\000R\000e\000p\000o\000r\000t\000i\000n\000g}{section.3}% 19
\BOOKMARK [2][-]{subsection.3.4}{\376\377\000R\000e\000p\000o\000r\000t\000s\000\040\000i\000n\000\040\000P\000o\000r\000t\000f\000o\000l\000i\000o\000m\000a\000n\000a\000g\000e\000m\000e\000n\000t}{section.3}% 20
\BOOKMARK [2][-]{subsection.3.5}{\376\377\000R\000e\000p\000o\000r\000t\000s\000\040\000f\000\374\000r\000\040\000V\000a\000l\000u\000e\000\040\000b\000a\000s\000e\000d\000\040\000S\000o\000f\000t\000w\000a\000r\000e\000-\000E\000n\000g\000i\000n\000e\000e\000r\000i\000n\000g}{section.3}% 21
\BOOKMARK [2][-]{subsection.3.6}{\376\377\000T\000e\000a\000m\000k\000o\000o\000r\000d\000i\000n\000a\000t\000i\000o\000n}{section.3}% 22
\BOOKMARK [1][-]{section.4}{\376\377\000K\000o\000n\000z\000e\000p\000t\000i\000o\000n}{}% 23
\BOOKMARK [2][-]{subsection.4.1}{\376\377\000P\000r\000o\000z\000e\000s\000s\000d\000e\000f\000i\000n\000i\000t\000i\000o\000n\000\040\000/\000\040\000A\000n\000f\000o\000r\000d\000e\000r\000u\000n\000g\000s\000f\000o\000r\000m\000u\000l\000i\000e\000r\000u\000n\000g}{section.4}% 24
\BOOKMARK [2][-]{subsection.4.2}{\376\377\000U\000X\000-\000E\000n\000t\000w\000u\000r\000f\000\040\000f\000\374\000r\000\040\000d\000i\000e\000\040\000A\000b\000b\000i\000l\000d\000u\000n\000g\000\040\000d\000e\000s\000\040\000P\000r\000o\000z\000e\000s\000s\000e\000s}{section.4}% 25
\BOOKMARK [2][-]{subsection.4.3}{\376\377\000D\000a\000t\000e\000n\000a\000g\000g\000r\000e\000g\000a\000t\000i\000o\000n}{section.4}% 26
\BOOKMARK [1][-]{section.5}{\376\377\000I\000m\000p\000l\000e\000m\000e\000n\000t\000i\000e\000r\000u\000n\000g}{}% 27
\BOOKMARK [2][-]{subsection.5.1}{\376\377\000D\000a\000t\000e\000n\000s\000t\000r\000u\000k\000t\000u\000r}{section.5}% 28
\BOOKMARK [2][-]{subsection.5.2}{\376\377\000B\000a\000c\000k\000e\000n\000d\000-\000A\000r\000c\000h\000i\000t\000e\000k\000t\000t\000u\000r}{section.5}% 29
\BOOKMARK [2][-]{subsection.5.3}{\376\377\000B\000e\000n\000u\000t\000z\000e\000r\000o\000b\000e\000r\000f\000l\000\344\000c\000h\000e}{section.5}% 30
\BOOKMARK [2][-]{subsection.5.4}{\376\377\000V\000i\000s\000u\000a\000l\000i\000s\000i\000e\000r\000u\000n\000g\000/\000D\000a\000t\000e\000n\000d\000a\000r\000s\000t\000e\000l\000l\000u\000n\000g}{section.5}% 31
\BOOKMARK [1][-]{section.6}{\376\377\000E\000v\000a\000l\000u\000a\000t\000i\000o\000n}{}% 32
\BOOKMARK [2][-]{subsection.6.1}{\376\377\000P\000r\000a\000x\000i\000s\000t\000e\000s\000t}{section.6}% 33
\BOOKMARK [2][-]{subsection.6.2}{\376\377\000O\000p\000t\000i\000m\000i\000e\000r\000u\000n\000g\000s\000v\000o\000r\000s\000c\000h\000l\000\344\000g\000e}{section.6}% 34
\BOOKMARK [1][-]{section.7}{\376\377\000F\000a\000z\000i\000t}{}% 35
\BOOKMARK [2][-]{subsection.7.1}{\376\377\000E\000r\000g\000e\000b\000n\000i\000s}{section.7}% 36
\BOOKMARK [2][-]{subsection.7.2}{\376\377\000R\000e\000f\000l\000e\000x\000i\000o\000n}{section.7}% 37
\BOOKMARK [2][-]{subsection.7.3}{\376\377\000A\000u\000s\000b\000l\000i\000c\000k}{section.7}% 38
\BOOKMARK [1][-]{subsection.7.3}{\376\377\000L\000i\000t\000e\000r\000a\000t\000u\000r\000v\000e\000r\000z\000e\000i\000c\000h\000n\000i\000s}{}% 39
\BOOKMARK [1][-]{appendix.A}{\376\377\000A\000n\000h\000a\000n\000g}{}% 40
\BOOKMARK [2][-]{subsection.A.1}{\376\377\000A\000n\000h\000a\000n\000g\000\040\0001}{appendix.A}% 41
\BOOKMARK [1][-]{subsection.A.1}{\376\377\000S\000e\000l\000b\000s\000t\000\344\000n\000d\000i\000g\000k\000e\000i\000t\000s\000e\000r\000k\000l\000\344\000r\000u\000n\000g}{}% 42
